Arguments: 
  /usr/local/bin/node /usr/local/bin/yarn add vite-transform-globby-import

PATH: 
  /Library/Frameworks/Python.framework/Versions/3.8/bin:/usr/local/bin:/usr/bin:/bin:/usr/sbin:/sbin:/Applications/Wireshark.app/Contents/MacOS

Yarn version: 
  1.22.4

Node version: 
  10.16.0

Platform: 
  darwin x64

Trace: 
  Error: ENOENT: no such file or directory, copyfile '/Users/springtech/Library/Caches/Yarn/v6/npm-color-convert-1.9.3-bb71850690e1f136567de629d2d5471deda4c1e8-integrity/node_modules/color-convert/README.md' -> '/code/demo/bi-admin-vue3/node_modules/chalk/node_modules/color-convert/README.md'

npm manifest: 
  {
    "name": "bi-element-admin-vue3",
    "version": "0.0.0",
    "scripts": {
      "dev": "vite",
      "build": "vite build"
    },
    "dependencies": {
      "ant-design-vue": "^2.0.0-beta.10",
      "echarts": "^4.9.0",
      "moment": "^2.29.0",
      "typescript": "^4.0.3",
      "vue": "^3.0.0-rc.1",
      "vue-grid-layout": "^2.3.8",
      "vue-router": "^4.0.0-beta.1",
      "vuex": "^4.0.0-beta.4"
    },
    "devDependencies": {
      "@vue/compiler-sfc": "^3.0.0-rc.1",
      "babel-plugin-import": "^1.13.0",
      "glob": "^7.1.6",
      "less": "^2.7.2",
      "less-loader": "^7.0.1",
      "stylus": "^0.54.8",
      "stylus-loader": "^3.0.2",
      "vite": "^1.0.0-rc.1"
    }
  }

yarn manifest: 
  No manifest

Lockfile: 
  No lockfile
